<?xml version="1.0" encoding="UTF-8"?>
<testng-results skipped="0" failed="0" ignored="0" total="2" passed="2">
  <reporter-output>
  </reporter-output>
  <suite name="Default suite" duration-ms="14688" started-at="2017-12-07T14:17:25Z" finished-at="2017-12-07T14:17:39Z">
    <groups>
    </groups>
    <test name="Default test" duration-ms="14688" started-at="2017-12-07T14:17:25Z" finished-at="2017-12-07T14:17:39Z">
      <class name="project1.assignment.Project1TestCase">
        <test-method status="PASS" signature="openBrowser()[pri:-9999, instance:project1.assignment.Project1TestCase@35dab4eb]" name="openBrowser" duration-ms="13038" started-at="2017-12-07T19:47:25Z" finished-at="2017-12-07T19:47:38Z">
          <reporter-output>
          </reporter-output>
        </test-method> <!-- openBrowser -->
        <test-method status="PASS" signature="loginToPhP()[pri:0, instance:project1.assignment.Project1TestCase@35dab4eb]" name="loginToPhP" duration-ms="1626" started-at="2017-12-07T19:47:38Z" finished-at="2017-12-07T19:47:39Z">
          <reporter-output>
          </reporter-output>
        </test-method> <!-- loginToPhP -->
      </class> <!-- project1.assignment.Project1TestCase -->
    </test> <!-- Default test -->
  </suite> <!-- Default suite -->
</testng-results>
